<?xml version="1.0" encoding="UTF-8" ?>
<testsuite tests="3" failures="0" name="com.testcase.Junit4Demo2Test" time="0" errors="0" skipped="0">
  <properties>
    <property name="java.runtime.name" value="Java(TM) SE Runtime Environment"/>
    <property name="sun.boot.library.path" value="D:\Java\jdk1.8.0_261\jre\bin"/>
    <property name="java.vm.version" value="25.261-b12"/>
    <property name="java.vm.vendor" value="Oracle Corporation"/>
    <property name="maven.multiModuleProjectDirectory" value="D:\Dean_working_dir\IDEAworkspace\Dean_personal\Junit4Demo"/>
    <property name="java.vendor.url" value="http://java.oracle.com/"/>
    <property name="path.separator" value=";"/>
    <property name="guice.disable.misplaced.annotation.check" value="true"/>
    <property name="java.vm.name" value="Java HotSpot(TM) 64-Bit Server VM"/>
    <property name="file.encoding.pkg" value="sun.io"/>
    <property name="user.script" value=""/>
    <property name="user.country" value="CN"/>
    <property name="sun.java.launcher" value="SUN_STANDARD"/>
    <property name="sun.os.patch.level" value=""/>
    <property name="java.vm.specification.name" value="Java Virtual Machine Specification"/>
    <property name="user.dir" value="D:\Dean_working_dir\IDEAworkspace\Dean_personal\Junit4Demo"/>
    <property name="java.runtime.version" value="1.8.0_261-b12"/>
    <property name="java.awt.graphicsenv" value="sun.awt.Win32GraphicsEnvironment"/>
    <property name="java.endorsed.dirs" value="D:\Java\jdk1.8.0_261\jre\lib\endorsed"/>
    <property name="os.arch" value="amd64"/>
    <property name="java.io.tmpdir" value="C:\Users\wangdian\AppData\Local\Temp\"/>
    <property name="line.separator" value="
"/>
    <property name="java.vm.specification.vendor" value="Oracle Corporation"/>
    <property name="user.variant" value=""/>
    <property name="os.name" value="Windows 10"/>
    <property name="classworlds.conf" value="D:\Dean_working_dir\working_software_target\apache-maven-3.6.3\bin\..\bin\m2.conf"/>
    <property name="sun.jnu.encoding" value="GBK"/>
    <property name="java.library.path" value="D:\Java\jdk1.8.0_261\bin;C:\Windows\Sun\Java\bin;C:\Windows\system32;C:\Windows;C:\Windows\system32;C:\Windows;C:\Windows\System32\Wbem;C:\Program Files\Common Files\Oracle\Java\javapath;D:\Dean_working_dir\working_software_target\xshell6\;D:\软件安装目录\ppython3.8\Scripts\;%STEM;OOT%\System32\WindowsPowerShell\v1.0\;C:\Windows\System32\OpenSSH\;D:\Dean_working_dir\working_software_target\mysql-8.0.19-winx64\bin;D:\Dean_working_dir\working_software_target\apache-maven-3.6.3\bin;D:\Dean_working_dir\working_software_target\allure-2.13.5\bin;D:\Dean_working_dir\working_software_target\chromedriver_win32;D:\Dean_working_dir\working_software_target\geckodriver-v0.27.0-win64;C:\Program Files (x86)\Google\Chrome\Application;D:\Dean_working_dir\working_software_target\Appium-windows-1.18.3;D:\软件安装目录\ppython3.8;%ANDR;ID_HOME%\emulator;C:\Users\wangdian\AppData\Local\Android\Sdk\tools;C:\Users\wangdian\AppData\Local\Android\Sdk\tools\bin;C:\Users\wangdian\AppData\Local\Android\Sdk\platform-tools;C:\Users\wangdian\AppData\Roaming\nvm;C:\Program Files\nodejs;C:\ProgramData\chocolatey\bin;C:\Strawberry\c\bin;C:\Strawberry\perl\site\bin;C:\Strawberry\perl\bin;D:\tmp\openssl-master\bin;C:\Program Files (x86)\Git\cmd;C:\Users\wangdian\AppData\Local\Microsoft\WindowsApps;D:\Java\jdk1.8.0_261\bin;C:\Users\wangdian\AppData\Local\Programs\Microsoft VS Code\bin;D:\Dean_working_dir\working_software_target\pycharm\PyCharm Community Edition 2020.2.1\bin;;C:\Program Files\Docker Toolbox;D:\软件安装目录\ppython3.8\;D:\Dean_working_dir\working_software_target\IntelliJ IDEA Community Edition 2020.2.2\bin;;D:\Dean_working_dir\working_software_target\mysql-8.0.19-winx64\bin;D:\Dean_working_dir\working_software_target\php7.3.4nts;D:\Java\jdk1.8.0_261\jre\bin;C:\Users\wangdian\AppData\Roaming\nvm;C:\Program Files\nodejs;C:\Program Files (x86)\mitmproxy\bin;."/>
    <property name="maven.conf" value="D:\Dean_working_dir\working_software_target\apache-maven-3.6.3\bin\../conf"/>
    <property name="java.specification.name" value="Java Platform API Specification"/>
    <property name="java.class.version" value="52.0"/>
    <property name="sun.management.compiler" value="HotSpot 64-Bit Tiered Compilers"/>
    <property name="os.version" value="10.0"/>
    <property name="library.jansi.path" value="D:\Dean_working_dir\working_software_target\apache-maven-3.6.3\bin\..\lib\jansi-native"/>
    <property name="user.home" value="C:\Users\wangdian"/>
    <property name="user.timezone" value="Asia/Shanghai"/>
    <property name="java.awt.printerjob" value="sun.awt.windows.WPrinterJob"/>
    <property name="java.specification.version" value="1.8"/>
    <property name="file.encoding" value="GBK"/>
    <property name="user.name" value="wangdian"/>
    <property name="java.class.path" value="D:\Dean_working_dir\working_software_target\apache-maven-3.6.3\bin\..\boot\plexus-classworlds-2.6.0.jar"/>
    <property name="java.vm.specification.version" value="1.8"/>
    <property name="sun.arch.data.model" value="64"/>
    <property name="java.home" value="D:\Java\jdk1.8.0_261\jre"/>
    <property name="sun.java.command" value="org.codehaus.plexus.classworlds.launcher.Launcher clean test"/>
    <property name="java.specification.vendor" value="Oracle Corporation"/>
    <property name="user.language" value="zh"/>
    <property name="awt.toolkit" value="sun.awt.windows.WToolkit"/>
    <property name="java.vm.info" value="mixed mode"/>
    <property name="java.version" value="1.8.0_261"/>
    <property name="java.ext.dirs" value="D:\Java\jdk1.8.0_261\jre\lib\ext;C:\Windows\Sun\Java\lib\ext"/>
    <property name="sun.boot.class.path" value="D:\Java\jdk1.8.0_261\jre\lib\resources.jar;D:\Java\jdk1.8.0_261\jre\lib\rt.jar;D:\Java\jdk1.8.0_261\jre\lib\sunrsasign.jar;D:\Java\jdk1.8.0_261\jre\lib\jsse.jar;D:\Java\jdk1.8.0_261\jre\lib\jce.jar;D:\Java\jdk1.8.0_261\jre\lib\charsets.jar;D:\Java\jdk1.8.0_261\jre\lib\jfr.jar;D:\Java\jdk1.8.0_261\jre\classes"/>
    <property name="sun.stderr.encoding" value="ms936"/>
    <property name="java.vendor" value="Oracle Corporation"/>
    <property name="maven.home" value="D:\Dean_working_dir\working_software_target\apache-maven-3.6.3\bin\.."/>
    <property name="file.separator" value="\"/>
    <property name="java.vendor.url.bug" value="http://bugreport.sun.com/bugreport/"/>
    <property name="sun.cpu.endian" value="little"/>
    <property name="sun.io.unicode.encoding" value="UnicodeLittle"/>
    <property name="sun.stdout.encoding" value="ms936"/>
    <property name="sun.desktop" value="windows"/>
    <property name="sun.cpu.isalist" value="amd64"/>
  </properties>
  <testcase classname="com.testcase.Junit4Demo2Test" name="fun4" time="0"/>
  <testcase classname="com.testcase.Junit4Demo2Test" name="fun5" time="0"/>
  <testcase classname="com.testcase.Junit4Demo2Test" name="fun6" time="0"/>
</testsuite>